---------------------------------------------
1 ROUGE-1 Average_R: 0.31097
1 ROUGE-1 Average_P: 0.37256
1 ROUGE-1 Average_F: 0.33777
.............................................
1 ROUGE-1 Eval D1001-A.M.100.A.1 R:0.29904 P:0.36145 F:0.32728
1 ROUGE-1 Eval D1002-A.M.100.A.1 R:0.30046 P:0.36392 F:0.32893
1 ROUGE-1 Eval D1003-A.M.100.A.1 R:0.30840 P:0.37500 F:0.33809
1 ROUGE-1 Eval D1004-A.M.100.A.1 R:0.35205 P:0.35500 F:0.35349
1 ROUGE-1 Eval D1005-A.M.100.A.1 R:0.32930 P:0.38352 F:0.35423
1 ROUGE-1 Eval D1006-A.M.100.A.1 R:0.29097 P:0.39145 F:0.33375
1 ROUGE-1 Eval D1007-A.M.100.B.1 R:0.27878 P:0.41667 F:0.33403
1 ROUGE-1 Eval D1008-A.M.100.B.1 R:0.34432 P:0.38172 F:0.36199
1 ROUGE-1 Eval D1009-A.M.100.B.1 R:0.33564 P:0.47101 F:0.39154
1 ROUGE-1 Eval D1010-A.M.100.B.1 R:0.28190 P:0.37838 F:0.32294
1 ROUGE-1 Eval D1011-A.M.100.C.1 R:0.27959 P:0.26923 F:0.27421
1 ROUGE-1 Eval D1012-A.M.100.C.1 R:0.26919 P:0.32143 F:0.29296
1 ROUGE-1 Eval D1013-A.M.100.C.1 R:0.27621 P:0.34259 F:0.30578
1 ROUGE-1 Eval D1014-A.M.100.C.1 R:0.27675 P:0.28646 F:0.28151
1 ROUGE-1 Eval D1015-A.M.100.C.1 R:0.37358 P:0.43675 F:0.40241
1 ROUGE-1 Eval D1016-A.M.100.C.1 R:0.33914 P:0.44620 F:0.38531
1 ROUGE-1 Eval D1017-A.M.100.D.1 R:0.26173 P:0.29213 F:0.27607
1 ROUGE-1 Eval D1018-A.M.100.D.1 R:0.28833 P:0.38312 F:0.32895
1 ROUGE-1 Eval D1019-A.M.100.D.1 R:0.34552 P:0.40179 F:0.37148
1 ROUGE-1 Eval D1020-A.M.100.D.1 R:0.20975 P:0.30435 F:0.24831
1 ROUGE-1 Eval D1021-A.M.100.D.1 R:0.27460 P:0.39236 F:0.32306
1 ROUGE-1 Eval D1022-A.M.100.D.1 R:0.34106 P:0.38056 F:0.35955
1 ROUGE-1 Eval D1023-A.M.100.E.1 R:0.22621 P:0.32143 F:0.26554
1 ROUGE-1 Eval D1024-A.M.100.E.1 R:0.48683 P:0.51010 F:0.49802
1 ROUGE-1 Eval D1025-A.M.100.E.1 R:0.36116 P:0.47697 F:0.41104
1 ROUGE-1 Eval D1026-A.M.100.E.1 R:0.25458 P:0.29070 F:0.27135
1 ROUGE-1 Eval D1027-A.M.100.E.1 R:0.37733 P:0.45833 F:0.41384
1 ROUGE-1 Eval D1028-A.M.100.E.1 R:0.38447 P:0.48171 F:0.42763
1 ROUGE-1 Eval D1029-A.M.100.F.1 R:0.36822 P:0.37374 F:0.37090
1 ROUGE-1 Eval D1030-A.M.100.F.1 R:0.21597 P:0.28947 F:0.24734
1 ROUGE-1 Eval D1031-A.M.100.F.1 R:0.29551 P:0.30469 F:0.29997
1 ROUGE-1 Eval D1032-A.M.100.F.1 R:0.26977 P:0.39437 F:0.32038
1 ROUGE-1 Eval D1033-A.M.100.F.1 R:0.30230 P:0.32632 F:0.31382
1 ROUGE-1 Eval D1034-A.M.100.F.1 R:0.24952 P:0.25532 F:0.25223
1 ROUGE-1 Eval D1035-A.M.100.G.1 R:0.38313 P:0.39356 F:0.38819
1 ROUGE-1 Eval D1036-A.M.100.G.1 R:0.34831 P:0.36702 F:0.35733
1 ROUGE-1 Eval D1037-A.M.100.G.1 R:0.27282 P:0.30769 F:0.28920
1 ROUGE-1 Eval D1038-A.M.100.G.1 R:0.26664 P:0.29301 F:0.27914
1 ROUGE-1 Eval D1039-A.M.100.G.1 R:0.33640 P:0.37363 F:0.35401
1 ROUGE-1 Eval D1040-A.M.100.G.1 R:0.23950 P:0.36742 F:0.28998
1 ROUGE-1 Eval D1041-A.M.100.H.1 R:0.22302 P:0.27744 F:0.24726
1 ROUGE-1 Eval D1042-A.M.100.H.1 R:0.32351 P:0.33684 F:0.32997
1 ROUGE-1 Eval D1043-A.M.100.H.1 R:0.33401 P:0.39535 F:0.36209
1 ROUGE-1 Eval D1044-A.M.100.H.1 R:0.37928 P:0.46914 F:0.41944
1 ROUGE-1 Eval D1045-A.M.100.H.1 R:0.37454 P:0.49351 F:0.42585
1 ROUGE-1 Eval D1046-A.M.100.H.1 R:0.37520 P:0.44477 F:0.40694
---------------------------------------------
1 ROUGE-2 Average_R: 0.07113
1 ROUGE-2 Average_P: 0.08545
1 ROUGE-2 Average_F: 0.07736
.............................................
1 ROUGE-2 Eval D1001-A.M.100.A.1 R:0.05538 P:0.06707 F:0.06067
1 ROUGE-2 Eval D1002-A.M.100.A.1 R:0.08282 P:0.09936 F:0.09026
1 ROUGE-2 Eval D1003-A.M.100.A.1 R:0.05489 P:0.06646 F:0.06005
1 ROUGE-2 Eval D1004-A.M.100.A.1 R:0.10006 P:0.10101 F:0.10052
1 ROUGE-2 Eval D1005-A.M.100.A.1 R:0.05877 P:0.06897 F:0.06344
1 ROUGE-2 Eval D1006-A.M.100.A.1 R:0.03701 P:0.05000 F:0.04253
1 ROUGE-2 Eval D1007-A.M.100.B.1 R:0.07161 P:0.10769 F:0.08601
1 ROUGE-2 Eval D1008-A.M.100.B.1 R:0.07882 P:0.08696 F:0.08268
1 ROUGE-2 Eval D1009-A.M.100.B.1 R:0.11593 P:0.16176 F:0.13490
1 ROUGE-2 Eval D1010-A.M.100.B.1 R:0.05841 P:0.07877 F:0.06703
1 ROUGE-2 Eval D1011-A.M.100.C.1 R:0.04315 P:0.04126 F:0.04217
1 ROUGE-2 Eval D1012-A.M.100.C.1 R:0.05508 P:0.06627 F:0.06015
1 ROUGE-2 Eval D1013-A.M.100.C.1 R:0.04289 P:0.05313 F:0.04745
1 ROUGE-2 Eval D1014-A.M.100.C.1 R:0.04340 P:0.04474 F:0.04406
1 ROUGE-2 Eval D1015-A.M.100.C.1 R:0.10319 P:0.11890 F:0.11040
1 ROUGE-2 Eval D1016-A.M.100.C.1 R:0.10352 P:0.13782 F:0.11821
1 ROUGE-2 Eval D1017-A.M.100.D.1 R:0.03037 P:0.03409 F:0.03212
1 ROUGE-2 Eval D1018-A.M.100.D.1 R:0.09085 P:0.12171 F:0.10401
1 ROUGE-2 Eval D1019-A.M.100.D.1 R:0.06702 P:0.07831 F:0.07222
1 ROUGE-2 Eval D1020-A.M.100.D.1 R:0.02024 P:0.02941 F:0.02398
1 ROUGE-2 Eval D1021-A.M.100.D.1 R:0.09073 P:0.13028 F:0.10696
1 ROUGE-2 Eval D1022-A.M.100.D.1 R:0.09021 P:0.10112 F:0.09531
1 ROUGE-2 Eval D1023-A.M.100.E.1 R:0.01773 P:0.02536 F:0.02087
1 ROUGE-2 Eval D1024-A.M.100.E.1 R:0.20782 P:0.21684 F:0.21216
1 ROUGE-2 Eval D1025-A.M.100.E.1 R:0.13555 P:0.18000 F:0.15464
1 ROUGE-2 Eval D1026-A.M.100.E.1 R:0.09022 P:0.10000 F:0.09484
1 ROUGE-2 Eval D1027-A.M.100.E.1 R:0.13408 P:0.16265 F:0.14696
1 ROUGE-2 Eval D1028-A.M.100.E.1 R:0.12039 P:0.15123 F:0.13406
1 ROUGE-2 Eval D1029-A.M.100.F.1 R:0.07750 P:0.07908 F:0.07827
1 ROUGE-2 Eval D1030-A.M.100.F.1 R:0.01248 P:0.01667 F:0.01427
1 ROUGE-2 Eval D1031-A.M.100.F.1 R:0.05359 P:0.05526 F:0.05440
1 ROUGE-2 Eval D1032-A.M.100.F.1 R:0.06570 P:0.09643 F:0.07815
1 ROUGE-2 Eval D1033-A.M.100.F.1 R:0.06363 P:0.06915 F:0.06627
1 ROUGE-2 Eval D1034-A.M.100.F.1 R:0.03007 P:0.02957 F:0.02979
1 ROUGE-2 Eval D1035-A.M.100.G.1 R:0.10053 P:0.10250 F:0.10148
1 ROUGE-2 Eval D1036-A.M.100.G.1 R:0.02781 P:0.02957 F:0.02866
1 ROUGE-2 Eval D1037-A.M.100.G.1 R:0.05175 P:0.05833 F:0.05484
1 ROUGE-2 Eval D1038-A.M.100.G.1 R:0.07168 P:0.07880 F:0.07506
1 ROUGE-2 Eval D1039-A.M.100.G.1 R:0.07712 P:0.08611 F:0.08136
1 ROUGE-2 Eval D1040-A.M.100.G.1 R:0.03495 P:0.05385 F:0.04239
1 ROUGE-2 Eval D1041-A.M.100.H.1 R:0.03214 P:0.04012 F:0.03569
1 ROUGE-2 Eval D1042-A.M.100.H.1 R:0.04832 P:0.05053 F:0.04939
1 ROUGE-2 Eval D1043-A.M.100.H.1 R:0.04716 P:0.05588 F:0.05115
1 ROUGE-2 Eval D1044-A.M.100.H.1 R:0.10094 P:0.12500 F:0.11169
1 ROUGE-2 Eval D1045-A.M.100.H.1 R:0.09980 P:0.13158 F:0.11350
1 ROUGE-2 Eval D1046-A.M.100.H.1 R:0.07681 P:0.09118 F:0.08336
---------------------------------------------
2 ROUGE-1 Average_R: 0.30750
2 ROUGE-1 Average_P: 0.35340
2 ROUGE-1 Average_F: 0.32734
.............................................
2 ROUGE-1 Eval D1001-A.M.100.A.2 R:0.35177 P:0.41471 F:0.38064
2 ROUGE-1 Eval D1002-A.M.100.A.2 R:0.40813 P:0.45115 F:0.42827
2 ROUGE-1 Eval D1003-A.M.100.A.2 R:0.33415 P:0.34574 F:0.33949
2 ROUGE-1 Eval D1004-A.M.100.A.2 R:0.33486 P:0.36290 F:0.34829
2 ROUGE-1 Eval D1005-A.M.100.A.2 R:0.14137 P:0.41429 F:0.21075
2 ROUGE-1 Eval D1006-A.M.100.A.2 R:0.34478 P:0.37105 F:0.35737
2 ROUGE-1 Eval D1007-A.M.100.B.2 R:0.32508 P:0.38554 F:0.35271
2 ROUGE-1 Eval D1008-A.M.100.B.2 R:0.21645 P:0.28165 F:0.24474
2 ROUGE-1 Eval D1009-A.M.100.B.2 R:0.38326 P:0.41573 F:0.39837
2 ROUGE-1 Eval D1010-A.M.100.B.2 R:0.31499 P:0.33967 F:0.32671
2 ROUGE-1 Eval D1011-A.M.100.C.2 R:0.24306 P:0.25526 F:0.24891
2 ROUGE-1 Eval D1012-A.M.100.C.2 R:0.30059 P:0.32880 F:0.31402
2 ROUGE-1 Eval D1013-A.M.100.C.2 R:0.29631 P:0.34195 F:0.31744
2 ROUGE-1 Eval D1014-A.M.100.C.2 R:0.25642 P:0.28333 F:0.26919
2 ROUGE-1 Eval D1015-A.M.100.C.2 R:0.22494 P:0.35081 F:0.27392
2 ROUGE-1 Eval D1016-A.M.100.C.2 R:0.30528 P:0.36919 F:0.33414
2 ROUGE-1 Eval D1017-A.M.100.D.2 R:0.27667 P:0.28646 F:0.28145
2 ROUGE-1 Eval D1018-A.M.100.D.2 R:0.29472 P:0.34483 F:0.31773
2 ROUGE-1 Eval D1019-A.M.100.D.2 R:0.35746 P:0.41667 F:0.38475
2 ROUGE-1 Eval D1020-A.M.100.D.2 R:0.26745 P:0.29722 F:0.28151
2 ROUGE-1 Eval D1021-A.M.100.D.2 R:0.40761 P:0.47727 F:0.43967
2 ROUGE-1 Eval D1022-A.M.100.D.2 R:0.38253 P:0.44253 F:0.41017
2 ROUGE-1 Eval D1023-A.M.100.E.2 R:0.21866 P:0.25291 F:0.23454
2 ROUGE-1 Eval D1024-A.M.100.E.2 R:0.36865 P:0.40263 F:0.38476
2 ROUGE-1 Eval D1025-A.M.100.E.2 R:0.43341 P:0.48333 F:0.45699
2 ROUGE-1 Eval D1026-A.M.100.E.2 R:0.12324 P:0.13172 F:0.12730
2 ROUGE-1 Eval D1027-A.M.100.E.2 R:0.37932 P:0.43539 F:0.40536
2 ROUGE-1 Eval D1028-A.M.100.E.2 R:0.39922 P:0.46067 F:0.42775
2 ROUGE-1 Eval D1029-A.M.100.F.2 R:0.31359 P:0.35000 F:0.33074
2 ROUGE-1 Eval D1030-A.M.100.F.2 R:0.27221 P:0.30833 F:0.28911
2 ROUGE-1 Eval D1031-A.M.100.F.2 R:0.24469 P:0.27557 F:0.25916
2 ROUGE-1 Eval D1032-A.M.100.F.2 R:0.34923 P:0.37760 F:0.36286
2 ROUGE-1 Eval D1033-A.M.100.F.2 R:0.31218 P:0.32653 F:0.31916
2 ROUGE-1 Eval D1034-A.M.100.F.2 R:0.21149 P:0.23837 F:0.22401
2 ROUGE-1 Eval D1035-A.M.100.G.2 R:0.35827 P:0.40054 F:0.37814
2 ROUGE-1 Eval D1036-A.M.100.G.2 R:0.31728 P:0.33511 F:0.32587
2 ROUGE-1 Eval D1037-A.M.100.G.2 R:0.28301 P:0.33333 F:0.30610
2 ROUGE-1 Eval D1038-A.M.100.G.2 R:0.30389 P:0.34831 F:0.32451
2 ROUGE-1 Eval D1039-A.M.100.G.2 R:0.37628 P:0.39583 F:0.38578
2 ROUGE-1 Eval D1040-A.M.100.G.2 R:0.31122 P:0.39873 F:0.34958
2 ROUGE-1 Eval D1041-A.M.100.H.2 R:0.22555 P:0.26744 F:0.24470
2 ROUGE-1 Eval D1042-A.M.100.H.2 R:0.29902 P:0.31720 F:0.30777
2 ROUGE-1 Eval D1043-A.M.100.H.2 R:0.32420 P:0.37500 F:0.34775
2 ROUGE-1 Eval D1044-A.M.100.H.2 R:0.36170 P:0.40730 F:0.38314
2 ROUGE-1 Eval D1045-A.M.100.H.2 R:0.26609 P:0.30682 F:0.28499
2 ROUGE-1 Eval D1046-A.M.100.H.2 R:0.32491 P:0.35106 F:0.33741
---------------------------------------------
2 ROUGE-2 Average_R: 0.07539
2 ROUGE-2 Average_P: 0.08723
2 ROUGE-2 Average_F: 0.08049
.............................................
2 ROUGE-2 Eval D1001-A.M.100.A.2 R:0.09589 P:0.11310 F:0.10378
2 ROUGE-2 Eval D1002-A.M.100.A.2 R:0.13263 P:0.14535 F:0.13859
2 ROUGE-2 Eval D1003-A.M.100.A.2 R:0.05035 P:0.05108 F:0.05064
2 ROUGE-2 Eval D1004-A.M.100.A.2 R:0.08521 P:0.09239 F:0.08865
2 ROUGE-2 Eval D1005-A.M.100.A.2 R:0.03469 P:0.10294 F:0.05187
2 ROUGE-2 Eval D1006-A.M.100.A.2 R:0.06666 P:0.07181 F:0.06913
2 ROUGE-2 Eval D1007-A.M.100.B.2 R:0.06903 P:0.08232 F:0.07508
2 ROUGE-2 Eval D1008-A.M.100.B.2 R:0.04405 P:0.05769 F:0.04995
2 ROUGE-2 Eval D1009-A.M.100.B.2 R:0.12136 P:0.13068 F:0.12569
2 ROUGE-2 Eval D1010-A.M.100.B.2 R:0.08968 P:0.09615 F:0.09276
2 ROUGE-2 Eval D1011-A.M.100.C.2 R:0.04420 P:0.04521 F:0.04469
2 ROUGE-2 Eval D1012-A.M.100.C.2 R:0.04992 P:0.05495 F:0.05231
2 ROUGE-2 Eval D1013-A.M.100.C.2 R:0.08787 P:0.10174 F:0.09428
2 ROUGE-2 Eval D1014-A.M.100.C.2 R:0.03301 P:0.03652 F:0.03468
2 ROUGE-2 Eval D1015-A.M.100.C.2 R:0.07410 P:0.11475 F:0.08998
2 ROUGE-2 Eval D1016-A.M.100.C.2 R:0.07016 P:0.08529 F:0.07698
2 ROUGE-2 Eval D1017-A.M.100.D.2 R:0.03787 P:0.03947 F:0.03865
2 ROUGE-2 Eval D1018-A.M.100.D.2 R:0.09467 P:0.11047 F:0.10193
2 ROUGE-2 Eval D1019-A.M.100.D.2 R:0.09788 P:0.11446 F:0.10551
2 ROUGE-2 Eval D1020-A.M.100.D.2 R:0.06834 P:0.07584 F:0.07189
2 ROUGE-2 Eval D1021-A.M.100.D.2 R:0.16623 P:0.19540 F:0.17963
2 ROUGE-2 Eval D1022-A.M.100.D.2 R:0.15675 P:0.18314 F:0.16886
2 ROUGE-2 Eval D1023-A.M.100.E.2 R:0.00253 P:0.00294 F:0.00272
2 ROUGE-2 Eval D1024-A.M.100.E.2 R:0.11447 P:0.12500 F:0.11946
2 ROUGE-2 Eval D1025-A.M.100.E.2 R:0.12828 P:0.14326 F:0.13535
2 ROUGE-2 Eval D1026-A.M.100.E.2 R:0.00000 P:0.00000 F:0.00000
2 ROUGE-2 Eval D1027-A.M.100.E.2 R:0.12420 P:0.14205 F:0.13250
2 ROUGE-2 Eval D1028-A.M.100.E.2 R:0.15749 P:0.18182 F:0.16878
2 ROUGE-2 Eval D1029-A.M.100.F.2 R:0.07482 P:0.08427 F:0.07925
2 ROUGE-2 Eval D1030-A.M.100.F.2 R:0.05468 P:0.06180 F:0.05801
2 ROUGE-2 Eval D1031-A.M.100.F.2 R:0.02548 P:0.02874 F:0.02700
2 ROUGE-2 Eval D1032-A.M.100.F.2 R:0.05111 P:0.05526 F:0.05311
2 ROUGE-2 Eval D1033-A.M.100.F.2 R:0.06595 P:0.06959 F:0.06772
2 ROUGE-2 Eval D1034-A.M.100.F.2 R:0.01052 P:0.01176 F:0.01110
2 ROUGE-2 Eval D1035-A.M.100.G.2 R:0.10237 P:0.11413 F:0.10791
2 ROUGE-2 Eval D1036-A.M.100.G.2 R:0.04542 P:0.04839 F:0.04685
2 ROUGE-2 Eval D1037-A.M.100.G.2 R:0.05920 P:0.06977 F:0.06405
2 ROUGE-2 Eval D1038-A.M.100.G.2 R:0.05742 P:0.06534 F:0.06111
2 ROUGE-2 Eval D1039-A.M.100.G.2 R:0.11996 P:0.12632 F:0.12305
2 ROUGE-2 Eval D1040-A.M.100.G.2 R:0.09753 P:0.12500 F:0.10957
2 ROUGE-2 Eval D1041-A.M.100.H.2 R:0.03714 P:0.04412 F:0.04033
2 ROUGE-2 Eval D1042-A.M.100.H.2 R:0.05926 P:0.06250 F:0.06082
2 ROUGE-2 Eval D1043-A.M.100.H.2 R:0.09914 P:0.11494 F:0.10646
2 ROUGE-2 Eval D1044-A.M.100.H.2 R:0.08576 P:0.09659 F:0.09085
2 ROUGE-2 Eval D1045-A.M.100.H.2 R:0.05239 P:0.06034 F:0.05608
2 ROUGE-2 Eval D1046-A.M.100.H.2 R:0.07230 P:0.07796 F:0.07500
