000 (616.000.000) 01/13 22:27:22 Job submitted from host: <192.168.100.50:9618?addrs=192.168.100.50-9618&noUDP&sock=5185_0ea5_3>
...
001 (616.000.000) 01/13 22:27:27 Job executing on host: <192.168.100.52:9618?addrs=192.168.100.52-9618&noUDP&sock=1070130_bfb6_4>
...
006 (616.000.000) 01/13 22:27:36 Image size of job updated: 105184
	97  -  MemoryUsage of job (MB)
	98928  -  ResidentSetSize of job (KB)
...
000 (617.000.000) 01/13 22:31:53 Job submitted from host: <192.168.100.50:9618?addrs=192.168.100.50-9618&noUDP&sock=5185_0ea5_3>
...
001 (617.000.000) 01/13 22:32:08 Job executing on host: <192.168.100.51:9618?addrs=192.168.100.51-9618&noUDP&sock=1064592_243a_4>
...
006 (617.000.000) 01/13 22:32:17 Image size of job updated: 42280
	31  -  MemoryUsage of job (MB)
	30736  -  ResidentSetSize of job (KB)
...
006 (616.000.000) 01/13 22:32:37 Image size of job updated: 144912
	136  -  MemoryUsage of job (MB)
	138264  -  ResidentSetSize of job (KB)
...
006 (616.000.000) 01/13 22:34:24 Image size of job updated: 152292
	136  -  MemoryUsage of job (MB)
	138264  -  ResidentSetSize of job (KB)
...
005 (616.000.000) 01/13 22:34:24 Job terminated.
	(1) Normal termination (return value 0)
		Usr 0 00:05:28, Sys 0 00:00:27  -  Run Remote Usage
		Usr 0 00:00:00, Sys 0 00:00:00  -  Run Local Usage
		Usr 0 00:05:28, Sys 0 00:00:27  -  Total Remote Usage
		Usr 0 00:00:00, Sys 0 00:00:00  -  Total Local Usage
	0  -  Run Bytes Sent By Job
	0  -  Run Bytes Received By Job
	0  -  Total Bytes Sent By Job
	0  -  Total Bytes Received By Job
	Partitionable Resources :    Usage  Request Allocated 
	   Cpus                 :                 1         1 
	   Disk (KB)            :        1        1    465402 
	   Memory (MB)          :      136      512       512 
...
006 (617.000.000) 01/13 22:37:18 Image size of job updated: 67224
	53  -  MemoryUsage of job (MB)
	53568  -  ResidentSetSize of job (KB)
...
006 (617.000.000) 01/13 22:42:18 Image size of job updated: 69844
	55  -  MemoryUsage of job (MB)
	56188  -  ResidentSetSize of job (KB)
...
