---------------------------------------------
1 ROUGE-1 Average_R: 0.31028
1 ROUGE-1 Average_P: 0.37183
1 ROUGE-1 Average_F: 0.33793
.............................................
1 ROUGE-1 Eval D1001-A.M.100.A.1 R:0.33942 P:0.40476 F:0.36921
1 ROUGE-1 Eval D1002-A.M.100.A.1 R:0.29848 P:0.33430 F:0.31518
1 ROUGE-1 Eval D1003-A.M.100.A.1 R:0.32447 P:0.39375 F:0.35538
1 ROUGE-1 Eval D1004-A.M.100.A.1 R:0.34980 P:0.41471 F:0.37946
1 ROUGE-1 Eval D1005-A.M.100.A.1 R:0.30478 P:0.35511 F:0.32792
1 ROUGE-1 Eval D1006-A.M.100.A.1 R:0.28385 P:0.32584 F:0.30334
1 ROUGE-1 Eval D1007-A.M.100.B.1 R:0.34476 P:0.41463 F:0.37646
1 ROUGE-1 Eval D1008-A.M.100.B.1 R:0.28423 P:0.33239 F:0.30637
1 ROUGE-1 Eval D1009-A.M.100.B.1 R:0.35983 P:0.42901 F:0.39094
1 ROUGE-1 Eval D1010-A.M.100.B.1 R:0.31060 P:0.36607 F:0.33590
1 ROUGE-1 Eval D1011-A.M.100.C.1 R:0.31209 P:0.37202 F:0.33930
1 ROUGE-1 Eval D1012-A.M.100.C.1 R:0.30886 P:0.36047 F:0.33263
1 ROUGE-1 Eval D1013-A.M.100.C.1 R:0.28329 P:0.34756 F:0.31210
1 ROUGE-1 Eval D1014-A.M.100.C.1 R:0.22884 P:0.28086 F:0.25219
1 ROUGE-1 Eval D1015-A.M.100.C.1 R:0.31877 P:0.35227 F:0.33446
1 ROUGE-1 Eval D1016-A.M.100.C.1 R:0.36717 P:0.42500 F:0.39390
1 ROUGE-1 Eval D1017-A.M.100.D.1 R:0.26446 P:0.32012 F:0.28961
1 ROUGE-1 Eval D1018-A.M.100.D.1 R:0.30682 P:0.38580 F:0.34172
1 ROUGE-1 Eval D1019-A.M.100.D.1 R:0.30201 P:0.39333 F:0.34162
1 ROUGE-1 Eval D1020-A.M.100.D.1 R:0.21973 P:0.26506 F:0.24024
1 ROUGE-1 Eval D1021-A.M.100.D.1 R:0.24285 P:0.29070 F:0.26461
1 ROUGE-1 Eval D1022-A.M.100.D.1 R:0.35541 P:0.42560 F:0.38717
1 ROUGE-1 Eval D1023-A.M.100.E.1 R:0.25891 P:0.32188 F:0.28698
1 ROUGE-1 Eval D1024-A.M.100.E.1 R:0.41561 P:0.48315 F:0.44669
1 ROUGE-1 Eval D1025-A.M.100.E.1 R:0.32882 P:0.39286 F:0.35798
1 ROUGE-1 Eval D1026-A.M.100.E.1 R:0.17187 P:0.20988 F:0.18893
1 ROUGE-1 Eval D1027-A.M.100.E.1 R:0.39163 P:0.44944 F:0.41848
1 ROUGE-1 Eval D1028-A.M.100.E.1 R:0.40389 P:0.47701 F:0.43741
1 ROUGE-1 Eval D1029-A.M.100.F.1 R:0.33444 P:0.38506 F:0.35791
1 ROUGE-1 Eval D1030-A.M.100.F.1 R:0.24325 P:0.27809 F:0.25947
1 ROUGE-1 Eval D1031-A.M.100.F.1 R:0.26498 P:0.32012 F:0.28990
1 ROUGE-1 Eval D1032-A.M.100.F.1 R:0.41685 P:0.48596 F:0.44875
1 ROUGE-1 Eval D1033-A.M.100.F.1 R:0.29302 P:0.32258 F:0.30706
1 ROUGE-1 Eval D1034-A.M.100.F.1 R:0.24473 P:0.26404 F:0.25385
1 ROUGE-1 Eval D1035-A.M.100.G.1 R:0.29802 P:0.37805 F:0.33322
1 ROUGE-1 Eval D1036-A.M.100.G.1 R:0.26259 P:0.32911 F:0.29204
1 ROUGE-1 Eval D1037-A.M.100.G.1 R:0.34365 P:0.43519 F:0.38402
1 ROUGE-1 Eval D1038-A.M.100.G.1 R:0.24218 P:0.28448 F:0.26157
1 ROUGE-1 Eval D1039-A.M.100.G.1 R:0.33365 P:0.43269 F:0.37674
1 ROUGE-1 Eval D1040-A.M.100.G.1 R:0.30369 P:0.38924 F:0.34118
1 ROUGE-1 Eval D1041-A.M.100.H.1 R:0.21855 P:0.28165 F:0.24610
1 ROUGE-1 Eval D1042-A.M.100.H.1 R:0.26604 P:0.33228 F:0.29544
1 ROUGE-1 Eval D1043-A.M.100.H.1 R:0.41271 P:0.47727 F:0.44264
1 ROUGE-1 Eval D1044-A.M.100.H.1 R:0.39675 P:0.43681 F:0.41581
1 ROUGE-1 Eval D1045-A.M.100.H.1 R:0.43129 P:0.50872 F:0.46679
1 ROUGE-1 Eval D1046-A.M.100.H.1 R:0.28531 P:0.43939 F:0.34589
---------------------------------------------
1 ROUGE-2 Average_R: 0.07246
1 ROUGE-2 Average_P: 0.08654
1 ROUGE-2 Average_F: 0.07880
.............................................
1 ROUGE-2 Eval D1001-A.M.100.A.1 R:0.09082 P:0.10843 F:0.09884
1 ROUGE-2 Eval D1002-A.M.100.A.1 R:0.04528 P:0.05000 F:0.04748
1 ROUGE-2 Eval D1003-A.M.100.A.1 R:0.05492 P:0.06646 F:0.06007
1 ROUGE-2 Eval D1004-A.M.100.A.1 R:0.11254 P:0.13393 F:0.12229
1 ROUGE-2 Eval D1005-A.M.100.A.1 R:0.07657 P:0.08908 F:0.08232
1 ROUGE-2 Eval D1006-A.M.100.A.1 R:0.03718 P:0.04261 F:0.03970
1 ROUGE-2 Eval D1007-A.M.100.B.1 R:0.06398 P:0.07716 F:0.06995
1 ROUGE-2 Eval D1008-A.M.100.B.1 R:0.09087 P:0.10632 F:0.09797
1 ROUGE-2 Eval D1009-A.M.100.B.1 R:0.12138 P:0.14375 F:0.13146
1 ROUGE-2 Eval D1010-A.M.100.B.1 R:0.08460 P:0.09940 F:0.09136
1 ROUGE-2 Eval D1011-A.M.100.C.1 R:0.04072 P:0.04819 F:0.04413
1 ROUGE-2 Eval D1012-A.M.100.C.1 R:0.07055 P:0.08235 F:0.07598
1 ROUGE-2 Eval D1013-A.M.100.C.1 R:0.08531 P:0.10494 F:0.09410
1 ROUGE-2 Eval D1014-A.M.100.C.1 R:0.03577 P:0.04375 F:0.03936
1 ROUGE-2 Eval D1015-A.M.100.C.1 R:0.07358 P:0.08046 F:0.07681
1 ROUGE-2 Eval D1016-A.M.100.C.1 R:0.09912 P:0.11517 F:0.10652
1 ROUGE-2 Eval D1017-A.M.100.D.1 R:0.03295 P:0.04012 F:0.03618
1 ROUGE-2 Eval D1018-A.M.100.D.1 R:0.09289 P:0.11563 F:0.10299
1 ROUGE-2 Eval D1019-A.M.100.D.1 R:0.06441 P:0.08446 F:0.07308
1 ROUGE-2 Eval D1020-A.M.100.D.1 R:0.02534 P:0.03049 F:0.02767
1 ROUGE-2 Eval D1021-A.M.100.D.1 R:0.03442 P:0.04118 F:0.03749
1 ROUGE-2 Eval D1022-A.M.100.D.1 R:0.09499 P:0.11446 F:0.10378
1 ROUGE-2 Eval D1023-A.M.100.E.1 R:0.00505 P:0.00633 F:0.00562
1 ROUGE-2 Eval D1024-A.M.100.E.1 R:0.15729 P:0.18182 F:0.16861
1 ROUGE-2 Eval D1025-A.M.100.E.1 R:0.11060 P:0.13253 F:0.12057
1 ROUGE-2 Eval D1026-A.M.100.E.1 R:0.01554 P:0.01875 F:0.01699
1 ROUGE-2 Eval D1027-A.M.100.E.1 R:0.13378 P:0.15341 F:0.14290
1 ROUGE-2 Eval D1028-A.M.100.E.1 R:0.11544 P:0.13663 F:0.12514
1 ROUGE-2 Eval D1029-A.M.100.F.1 R:0.05324 P:0.06105 F:0.05687
1 ROUGE-2 Eval D1030-A.M.100.F.1 R:0.02732 P:0.03125 F:0.02915
1 ROUGE-2 Eval D1031-A.M.100.F.1 R:0.05380 P:0.06481 F:0.05878
1 ROUGE-2 Eval D1032-A.M.100.F.1 R:0.13630 P:0.15909 F:0.14682
1 ROUGE-2 Eval D1033-A.M.100.F.1 R:0.04913 P:0.05435 F:0.05160
1 ROUGE-2 Eval D1034-A.M.100.F.1 R:0.03291 P:0.03409 F:0.03347
1 ROUGE-2 Eval D1035-A.M.100.G.1 R:0.05850 P:0.07407 F:0.06536
1 ROUGE-2 Eval D1036-A.M.100.G.1 R:0.03602 P:0.04487 F:0.03995
1 ROUGE-2 Eval D1037-A.M.100.G.1 R:0.08859 P:0.11250 F:0.09912
1 ROUGE-2 Eval D1038-A.M.100.G.1 R:0.06909 P:0.08140 F:0.07472
1 ROUGE-2 Eval D1039-A.M.100.G.1 R:0.10207 P:0.13312 F:0.11554
1 ROUGE-2 Eval D1040-A.M.100.G.1 R:0.08238 P:0.10577 F:0.09262
1 ROUGE-2 Eval D1041-A.M.100.H.1 R:0.04209 P:0.05449 F:0.04749
1 ROUGE-2 Eval D1042-A.M.100.H.1 R:0.04358 P:0.05449 F:0.04842
1 ROUGE-2 Eval D1043-A.M.100.H.1 R:0.13389 P:0.15517 F:0.14375
1 ROUGE-2 Eval D1044-A.M.100.H.1 R:0.10602 P:0.11667 F:0.11109
1 ROUGE-2 Eval D1045-A.M.100.H.1 R:0.10720 P:0.12647 F:0.11603
1 ROUGE-2 Eval D1046-A.M.100.H.1 R:0.04514 P:0.06923 F:0.05464
---------------------------------------------
2c ROUGE-1 Average_R: 0.34492
2c ROUGE-1 Average_P: 0.38148
2c ROUGE-1 Average_F: 0.36202
.............................................
2c ROUGE-1 Eval D1001-A.M.100.A.2c R:0.31899 P:0.36782 F:0.34166
2c ROUGE-1 Eval D1002-A.M.100.A.2c R:0.43816 P:0.48011 F:0.45788
2c ROUGE-1 Eval D1003-A.M.100.A.2c R:0.37456 P:0.39402 F:0.38361
2c ROUGE-1 Eval D1004-A.M.100.A.2c R:0.35745 P:0.39130 F:0.37358
2c ROUGE-1 Eval D1005-A.M.100.A.2c R:0.34459 P:0.42988 F:0.38240
2c ROUGE-1 Eval D1006-A.M.100.A.2c R:0.32341 P:0.34737 F:0.33491
2c ROUGE-1 Eval D1007-A.M.100.B.2c R:0.33487 P:0.35484 F:0.34454
2c ROUGE-1 Eval D1008-A.M.100.B.2c R:0.30300 P:0.35112 F:0.32524
2c ROUGE-1 Eval D1009-A.M.100.B.2c R:0.47164 P:0.49728 F:0.48360
2c ROUGE-1 Eval D1010-A.M.100.B.2c R:0.38233 P:0.41484 F:0.39774
2c ROUGE-1 Eval D1011-A.M.100.C.2c R:0.30164 P:0.32527 F:0.31288
2c ROUGE-1 Eval D1012-A.M.100.C.2c R:0.34131 P:0.36436 F:0.35241
2c ROUGE-1 Eval D1013-A.M.100.C.2c R:0.29694 P:0.33056 F:0.31278
2c ROUGE-1 Eval D1014-A.M.100.C.2c R:0.29685 P:0.31383 F:0.30509
2c ROUGE-1 Eval D1015-A.M.100.C.2c R:0.22165 P:0.23889 F:0.22979
2c ROUGE-1 Eval D1016-A.M.100.C.2c R:0.40379 P:0.44681 F:0.42414
2c ROUGE-1 Eval D1017-A.M.100.D.2c R:0.29991 P:0.31316 F:0.30635
2c ROUGE-1 Eval D1018-A.M.100.D.2c R:0.32689 P:0.36141 F:0.34321
2c ROUGE-1 Eval D1019-A.M.100.D.2c R:0.34095 P:0.36141 F:0.35083
2c ROUGE-1 Eval D1020-A.M.100.D.2c R:0.30576 P:0.33889 F:0.32143
2c ROUGE-1 Eval D1021-A.M.100.D.2c R:0.41678 P:0.50000 F:0.45458
2c ROUGE-1 Eval D1022-A.M.100.D.2c R:0.40498 P:0.45787 F:0.42960
2c ROUGE-1 Eval D1023-A.M.100.E.2c R:0.30649 P:0.33152 F:0.31851
2c ROUGE-1 Eval D1024-A.M.100.E.2c R:0.39767 P:0.43421 F:0.41500
2c ROUGE-1 Eval D1025-A.M.100.E.2c R:0.44812 P:0.47872 F:0.46289
2c ROUGE-1 Eval D1026-A.M.100.E.2c R:0.17826 P:0.20402 F:0.19022
2c ROUGE-1 Eval D1027-A.M.100.E.2c R:0.43134 P:0.47826 F:0.45352
2c ROUGE-1 Eval D1028-A.M.100.E.2c R:0.42107 P:0.46505 F:0.44197
2c ROUGE-1 Eval D1029-A.M.100.F.2c R:0.28137 P:0.29737 F:0.28911
2c ROUGE-1 Eval D1030-A.M.100.F.2c R:0.26836 P:0.29945 F:0.28300
2c ROUGE-1 Eval D1031-A.M.100.F.2c R:0.32780 P:0.35326 F:0.33999
2c ROUGE-1 Eval D1032-A.M.100.F.2c R:0.35404 P:0.38281 F:0.36786
2c ROUGE-1 Eval D1033-A.M.100.F.2c R:0.27902 P:0.29381 F:0.28619
2c ROUGE-1 Eval D1034-A.M.100.F.2c R:0.25156 P:0.26944 F:0.26004
2c ROUGE-1 Eval D1035-A.M.100.G.2c R:0.35646 P:0.40659 F:0.37979
2c ROUGE-1 Eval D1036-A.M.100.G.2c R:0.31728 P:0.33511 F:0.32587
2c ROUGE-1 Eval D1037-A.M.100.G.2c R:0.35115 P:0.40449 F:0.37592
2c ROUGE-1 Eval D1038-A.M.100.G.2c R:0.33415 P:0.36436 F:0.34852
2c ROUGE-1 Eval D1039-A.M.100.G.2c R:0.43017 P:0.46277 F:0.44584
2c ROUGE-1 Eval D1040-A.M.100.G.2c R:0.38303 P:0.45058 F:0.41406
2c ROUGE-1 Eval D1041-A.M.100.H.2c R:0.34331 P:0.38462 F:0.36277
2c ROUGE-1 Eval D1042-A.M.100.H.2c R:0.37954 P:0.40761 F:0.39298
2c ROUGE-1 Eval D1043-A.M.100.H.2c R:0.36587 P:0.44880 F:0.40311
2c ROUGE-1 Eval D1044-A.M.100.H.2c R:0.39645 P:0.42287 F:0.40923
2c ROUGE-1 Eval D1045-A.M.100.H.2c R:0.30080 P:0.35465 F:0.32550
2c ROUGE-1 Eval D1046-A.M.100.H.2c R:0.35668 P:0.43675 F:0.39259
---------------------------------------------
2c ROUGE-2 Average_R: 0.09454
2c ROUGE-2 Average_P: 0.10488
2c ROUGE-2 Average_F: 0.09936
.............................................
2c ROUGE-2 Eval D1001-A.M.100.A.2c R:0.06784 P:0.07849 F:0.07277
2c ROUGE-2 Eval D1002-A.M.100.A.2c R:0.14789 P:0.16092 F:0.15402
2c ROUGE-2 Eval D1003-A.M.100.A.2c R:0.12001 P:0.12363 F:0.12163
2c ROUGE-2 Eval D1004-A.M.100.A.2c R:0.11267 P:0.12363 F:0.11788
2c ROUGE-2 Eval D1005-A.M.100.A.2c R:0.11402 P:0.14198 F:0.12642
2c ROUGE-2 Eval D1006-A.M.100.A.2c R:0.08176 P:0.08777 F:0.08464
2c ROUGE-2 Eval D1007-A.M.100.B.2c R:0.06140 P:0.06522 F:0.06325
2c ROUGE-2 Eval D1008-A.M.100.B.2c R:0.05608 P:0.06534 F:0.06035
2c ROUGE-2 Eval D1009-A.M.100.B.2c R:0.18421 P:0.19231 F:0.18794
2c ROUGE-2 Eval D1010-A.M.100.B.2c R:0.16025 P:0.17222 F:0.16594
2c ROUGE-2 Eval D1011-A.M.100.C.2c R:0.06573 P:0.07065 F:0.06808
2c ROUGE-2 Eval D1012-A.M.100.C.2c R:0.06035 P:0.06452 F:0.06235
2c ROUGE-2 Eval D1013-A.M.100.C.2c R:0.10097 P:0.11236 F:0.10634
2c ROUGE-2 Eval D1014-A.M.100.C.2c R:0.03335 P:0.03495 F:0.03413
2c ROUGE-2 Eval D1015-A.M.100.C.2c R:0.05229 P:0.05618 F:0.05413
2c ROUGE-2 Eval D1016-A.M.100.C.2c R:0.14030 P:0.15591 F:0.14767
2c ROUGE-2 Eval D1017-A.M.100.D.2c R:0.04321 P:0.04521 F:0.04418
2c ROUGE-2 Eval D1018-A.M.100.D.2c R:0.09237 P:0.10165 F:0.09676
2c ROUGE-2 Eval D1019-A.M.100.D.2c R:0.08566 P:0.09066 F:0.08808
2c ROUGE-2 Eval D1020-A.M.100.D.2c R:0.06114 P:0.06742 F:0.06412
2c ROUGE-2 Eval D1021-A.M.100.D.2c R:0.17570 P:0.21176 F:0.19204
2c ROUGE-2 Eval D1022-A.M.100.D.2c R:0.16418 P:0.18750 F:0.17499
2c ROUGE-2 Eval D1023-A.M.100.E.2c R:0.03798 P:0.04121 F:0.03953
2c ROUGE-2 Eval D1024-A.M.100.E.2c R:0.16777 P:0.18351 F:0.17523
2c ROUGE-2 Eval D1025-A.M.100.E.2c R:0.14078 P:0.15054 F:0.14549
2c ROUGE-2 Eval D1026-A.M.100.E.2c R:0.01266 P:0.01453 F:0.01353
2c ROUGE-2 Eval D1027-A.M.100.E.2c R:0.15975 P:0.17582 F:0.16737
2c ROUGE-2 Eval D1028-A.M.100.E.2c R:0.16230 P:0.17935 F:0.17040
2c ROUGE-2 Eval D1029-A.M.100.F.2c R:0.03290 P:0.03457 F:0.03371
2c ROUGE-2 Eval D1030-A.M.100.F.2c R:0.03000 P:0.03333 F:0.03157
2c ROUGE-2 Eval D1031-A.M.100.F.2c R:0.05885 P:0.06319 F:0.06093
2c ROUGE-2 Eval D1032-A.M.100.F.2c R:0.04624 P:0.05000 F:0.04804
2c ROUGE-2 Eval D1033-A.M.100.F.2c R:0.04450 P:0.04688 F:0.04565
2c ROUGE-2 Eval D1034-A.M.100.F.2c R:0.03427 P:0.03652 F:0.03534
2c ROUGE-2 Eval D1035-A.M.100.G.2c R:0.10034 P:0.11389 F:0.10666
2c ROUGE-2 Eval D1036-A.M.100.G.2c R:0.04542 P:0.04839 F:0.04685
2c ROUGE-2 Eval D1037-A.M.100.G.2c R:0.09107 P:0.10511 F:0.09758
2c ROUGE-2 Eval D1038-A.M.100.G.2c R:0.09648 P:0.10484 F:0.10046
2c ROUGE-2 Eval D1039-A.M.100.G.2c R:0.14191 P:0.15323 F:0.14734
2c ROUGE-2 Eval D1040-A.M.100.G.2c R:0.15276 P:0.17941 F:0.16501
2c ROUGE-2 Eval D1041-A.M.100.H.2c R:0.13872 P:0.15556 F:0.14665
2c ROUGE-2 Eval D1042-A.M.100.H.2c R:0.11062 P:0.11813 F:0.11423
2c ROUGE-2 Eval D1043-A.M.100.H.2c R:0.14862 P:0.18293 F:0.16400
2c ROUGE-2 Eval D1044-A.M.100.H.2c R:0.08813 P:0.09409 F:0.09101
2c ROUGE-2 Eval D1045-A.M.100.H.2c R:0.07747 P:0.09118 F:0.08376
2c ROUGE-2 Eval D1046-A.M.100.H.2c R:0.04774 P:0.05793 F:0.05233
---------------------------------------------
3 ROUGE-1 Average_R: 0.23824
3 ROUGE-1 Average_P: 0.33036
3 ROUGE-1 Average_F: 0.27436
.............................................
3 ROUGE-1 Eval D1001-A.M.100.A.3 R:0.17952 P:0.26087 F:0.21268
3 ROUGE-1 Eval D1002-A.M.100.A.3 R:0.37114 P:0.47039 F:0.41463
3 ROUGE-1 Eval D1003-A.M.100.A.3 R:0.23323 P:0.37295 F:0.28671
3 ROUGE-1 Eval D1004-A.M.100.A.3 R:0.27548 P:0.35577 F:0.31050
3 ROUGE-1 Eval D1005-A.M.100.A.3 R:0.11454 P:0.17537 F:0.13853
3 ROUGE-1 Eval D1006-A.M.100.A.3 R:0.31808 P:0.36932 F:0.34173
3 ROUGE-1 Eval D1007-A.M.100.B.3 R:0.29153 P:0.33824 F:0.31313
3 ROUGE-1 Eval D1008-A.M.100.B.3 R:0.21318 P:0.24176 F:0.22653
3 ROUGE-1 Eval D1009-A.M.100.B.3 R:0.23979 P:0.32292 F:0.27491
3 ROUGE-1 Eval D1010-A.M.100.B.3 R:0.17464 P:0.26538 F:0.21057
3 ROUGE-1 Eval D1011-A.M.100.C.3 R:0.17735 P:0.28629 F:0.21894
3 ROUGE-1 Eval D1012-A.M.100.C.3 R:0.28422 P:0.34756 F:0.31267
3 ROUGE-1 Eval D1013-A.M.100.C.3 R:0.19643 P:0.25649 F:0.22245
3 ROUGE-1 Eval D1014-A.M.100.C.3 R:0.22164 P:0.29730 F:0.25395
3 ROUGE-1 Eval D1015-A.M.100.C.3 R:0.19460 P:0.28788 F:0.23209
3 ROUGE-1 Eval D1016-A.M.100.C.3 R:0.24244 P:0.31173 F:0.27270
3 ROUGE-1 Eval D1017-A.M.100.D.3 R:0.21612 P:0.35246 F:0.26792
3 ROUGE-1 Eval D1018-A.M.100.D.3 R:0.24956 P:0.31098 F:0.27683
3 ROUGE-1 Eval D1019-A.M.100.D.3 R:0.28621 P:0.43750 F:0.34599
3 ROUGE-1 Eval D1020-A.M.100.D.3 R:0.21021 P:0.25000 F:0.22836
3 ROUGE-1 Eval D1021-A.M.100.D.3 R:0.22090 P:0.28437 F:0.24864
3 ROUGE-1 Eval D1022-A.M.100.D.3 R:0.38116 P:0.43182 F:0.40470
3 ROUGE-1 Eval D1023-A.M.100.E.3 R:0.01255 P:0.15625 F:0.02323
3 ROUGE-1 Eval D1024-A.M.100.E.3 R:0.24376 P:0.38846 F:0.29945
3 ROUGE-1 Eval D1025-A.M.100.E.3 R:0.22405 P:0.31690 F:0.26249
3 ROUGE-1 Eval D1026-A.M.100.E.3 R:0.09567 P:0.16667 F:0.12153
3 ROUGE-1 Eval D1027-A.M.100.E.3 R:0.34660 P:0.45513 F:0.39347
3 ROUGE-1 Eval D1028-A.M.100.E.3 R:0.23851 P:0.40164 F:0.29929
3 ROUGE-1 Eval D1029-A.M.100.F.3 R:0.28647 P:0.35061 F:0.31526
3 ROUGE-1 Eval D1030-A.M.100.F.3 R:0.08608 P:0.18617 F:0.11771
3 ROUGE-1 Eval D1031-A.M.100.F.3 R:0.15403 P:0.23462 F:0.18593
3 ROUGE-1 Eval D1032-A.M.100.F.3 R:0.29630 P:0.39935 F:0.34019
3 ROUGE-1 Eval D1033-A.M.100.F.3 R:0.34574 P:0.45513 F:0.39292
3 ROUGE-1 Eval D1034-A.M.100.F.3 R:0.19690 P:0.31148 F:0.24114
3 ROUGE-1 Eval D1035-A.M.100.G.3 R:0.23943 P:0.32143 F:0.27437
3 ROUGE-1 Eval D1036-A.M.100.G.3 R:0.24673 P:0.29878 F:0.27020
3 ROUGE-1 Eval D1037-A.M.100.G.3 R:0.22417 P:0.25275 F:0.23759
3 ROUGE-1 Eval D1038-A.M.100.G.3 R:0.27668 P:0.34451 F:0.30683
3 ROUGE-1 Eval D1039-A.M.100.G.3 R:0.31889 P:0.49615 F:0.38822
3 ROUGE-1 Eval D1040-A.M.100.G.3 R:0.21490 P:0.27885 F:0.24273
3 ROUGE-1 Eval D1041-A.M.100.H.3 R:0.27745 P:0.42164 F:0.33466
3 ROUGE-1 Eval D1042-A.M.100.H.3 R:0.24628 P:0.32770 F:0.28116
3 ROUGE-1 Eval D1043-A.M.100.H.3 R:0.38820 P:0.46471 F:0.42301
3 ROUGE-1 Eval D1044-A.M.100.H.3 R:0.30677 P:0.39423 F:0.34504
3 ROUGE-1 Eval D1045-A.M.100.H.3 R:0.14750 P:0.39474 F:0.21474
3 ROUGE-1 Eval D1046-A.M.100.H.3 R:0.25350 P:0.35135 F:0.29445
---------------------------------------------
3 ROUGE-2 Average_R: 0.05136
3 ROUGE-2 Average_P: 0.07092
3 ROUGE-2 Average_F: 0.05906
.............................................
3 ROUGE-2 Eval D1001-A.M.100.A.3 R:0.02525 P:0.03676 F:0.02994
3 ROUGE-2 Eval D1002-A.M.100.A.3 R:0.12547 P:0.16000 F:0.14054
3 ROUGE-2 Eval D1003-A.M.100.A.3 R:0.04082 P:0.06667 F:0.05060
3 ROUGE-2 Eval D1004-A.M.100.A.3 R:0.07763 P:0.10065 F:0.08764
3 ROUGE-2 Eval D1005-A.M.100.A.3 R:0.02476 P:0.03788 F:0.02994
3 ROUGE-2 Eval D1006-A.M.100.A.3 R:0.08145 P:0.09483 F:0.08762
3 ROUGE-2 Eval D1007-A.M.100.B.3 R:0.07655 P:0.08929 F:0.08242
3 ROUGE-2 Eval D1008-A.M.100.B.3 R:0.02448 P:0.02778 F:0.02602
3 ROUGE-2 Eval D1009-A.M.100.B.3 R:0.03954 P:0.05282 F:0.04516
3 ROUGE-2 Eval D1010-A.M.100.B.3 R:0.02306 P:0.03516 F:0.02784
3 ROUGE-2 Eval D1011-A.M.100.C.3 R:0.01480 P:0.02459 F:0.01847
3 ROUGE-2 Eval D1012-A.M.100.C.3 R:0.05511 P:0.06790 F:0.06083
3 ROUGE-2 Eval D1013-A.M.100.C.3 R:0.02262 P:0.02961 F:0.02564
3 ROUGE-2 Eval D1014-A.M.100.C.3 R:0.02825 P:0.03767 F:0.03228
3 ROUGE-2 Eval D1015-A.M.100.C.3 R:0.02595 P:0.03846 F:0.03097
3 ROUGE-2 Eval D1016-A.M.100.C.3 R:0.04564 P:0.05938 F:0.05160
3 ROUGE-2 Eval D1017-A.M.100.D.3 R:0.05553 P:0.09167 F:0.06915
3 ROUGE-2 Eval D1018-A.M.100.D.3 R:0.05241 P:0.06481 F:0.05794
3 ROUGE-2 Eval D1019-A.M.100.D.3 R:0.08253 P:0.12698 F:0.10002
3 ROUGE-2 Eval D1020-A.M.100.D.3 R:0.01276 P:0.01506 F:0.01381
3 ROUGE-2 Eval D1021-A.M.100.D.3 R:0.05389 P:0.06962 F:0.06075
3 ROUGE-2 Eval D1022-A.M.100.D.3 R:0.10522 P:0.11782 F:0.11109
3 ROUGE-2 Eval D1023-A.M.100.E.3 R:0.00253 P:0.03571 F:0.00472
3 ROUGE-2 Eval D1024-A.M.100.E.3 R:0.04642 P:0.07422 F:0.05710
3 ROUGE-2 Eval D1025-A.M.100.E.3 R:0.02758 P:0.03929 F:0.03241
3 ROUGE-2 Eval D1026-A.M.100.E.3 R:0.00000 P:0.00000 F:0.00000
3 ROUGE-2 Eval D1027-A.M.100.E.3 R:0.09125 P:0.12013 F:0.10370
3 ROUGE-2 Eval D1028-A.M.100.E.3 R:0.04421 P:0.07500 F:0.05563
3 ROUGE-2 Eval D1029-A.M.100.F.3 R:0.07068 P:0.08642 F:0.07775
3 ROUGE-2 Eval D1030-A.M.100.F.3 R:0.00000 P:0.00000 F:0.00000
3 ROUGE-2 Eval D1031-A.M.100.F.3 R:0.02295 P:0.03516 F:0.02777
3 ROUGE-2 Eval D1032-A.M.100.F.3 R:0.08759 P:0.11842 F:0.10070
3 ROUGE-2 Eval D1033-A.M.100.F.3 R:0.12007 P:0.15909 F:0.13684
3 ROUGE-2 Eval D1034-A.M.100.F.3 R:0.02062 P:0.03333 F:0.02547
3 ROUGE-2 Eval D1035-A.M.100.G.3 R:0.06836 P:0.09211 F:0.07846
3 ROUGE-2 Eval D1036-A.M.100.G.3 R:0.01750 P:0.02160 F:0.01934
3 ROUGE-2 Eval D1037-A.M.100.G.3 R:0.02941 P:0.03333 F:0.03125
3 ROUGE-2 Eval D1038-A.M.100.G.3 R:0.06415 P:0.08025 F:0.07128
3 ROUGE-2 Eval D1039-A.M.100.G.3 R:0.09993 P:0.15625 F:0.12189
3 ROUGE-2 Eval D1040-A.M.100.G.3 R:0.04988 P:0.06494 F:0.05642
3 ROUGE-2 Eval D1041-A.M.100.H.3 R:0.10906 P:0.16667 F:0.13184
3 ROUGE-2 Eval D1042-A.M.100.H.3 R:0.04096 P:0.05479 F:0.04687
3 ROUGE-2 Eval D1043-A.M.100.H.3 R:0.09921 P:0.11905 F:0.10823
3 ROUGE-2 Eval D1044-A.M.100.H.3 R:0.06308 P:0.08117 F:0.07099
3 ROUGE-2 Eval D1045-A.M.100.H.3 R:0.02988 P:0.08108 F:0.04367
3 ROUGE-2 Eval D1046-A.M.100.H.3 R:0.06368 P:0.08904 F:0.07424
